G4BL_DIR=E:\G4beamline-3.08
G4LEDATA=C:\Geant4Data/G4EMLOW8.0
G4ENSDFSTATEDATA=C:\Geant4Data/G4ENSDFSTATE2.3
G4PARTICLEXSDATA=C:\Geant4Data/G4PARTICLEXS4.0
G4LEVELGAMMADATA=C:\Geant4Data/PhotonEvaporation5.7
G4RADIOACTIVEDATA=C:\Geant4Data/RadioactiveDecay5.6
G4beamline Process ID 21872

*************************************************************
 g4beamline version: 3.08                        (Oct  8 2022)
                      Copyright : Tom Roberts, Muons, Inc.
                        License : Gnu Public License
                            WWW : http://g4beamline.muonsinc.com
**************************************************************
 Geant4 version Name: geant4-11-00-patch-03 [MT]   (16-September-2022)
                       Copyright : Geant4 Collaboration
                      References : NIM A 506 (2003), 250-303
                                 : IEEE-TNS 53 (2006), 270-278
                                 : NIM A 835 (2016), 186-225
                             WWW : http://geant4.org/
**************************************************************

param        viewer        best,1
geometry                   nPoints=100 printGeometry=0 visual=0
                           tolerance=0.002
G4PhysListFactory::GetReferencePhysList <QGSP_BERT>  EMoption= 0
<<< Geant4 Physics List simulation engine: QGSP_BERT


physics      QGSP_BERT     disable= inactivate= deactivate= doStochastics=1
                           fluct=1 minRangeCut=1 list=0 gammaToMuPair=0
                           spinTracking=0 synchrotronRadiation=0
                           synchrotronRadiationMuon=0 maxTime=1e+06
param        first         1
param        last          10
param        current_M1    -201.94143
param        length_M1     1355.5367111555145
param        current_HF    -549.6871
param        length_HF     804.2607005255506
param        current_M2    -164.27346
param        length_M2     565.5718676814503
param        current_M3    32.35295853060474
param        length_M3     672.3005845134613
param        current_drift -64.134109
param        num_rotation_rf 3
param        num_acc_rf    9
param        wall_thick    1
param        rf_fre        0.011224681803629524
param        rf_grad_rotation 6.357118165360812
param        rf_grad_acc   5.249252654627046
param        rf_ph_rotation 0
param        rf_ph_acc     46.560555130437436
param        rf_length     250
param        const_field_length 2268
param        pipe_radius   20
param        next_current_HF 680.5293370916256
param        next_length_HF 647.879118345721
param        next_current_M1 170.30821573488606
param        next_length_M1 1109.1228445367806
param        next_absorber_length 65.35518310301958
param        next_current_M2 120.42597019702312
param        next_length_M2 796.2444868943642
param        ref_pz        33
coil    coil_HF innerRadius=50.0 outerRadius=110.0 length=804.3 material=Cu 
		tolerance=0.002 nSheets=0 
		maxR=160.0 maxZ=1757.7 dR=0.0 dZ=0.0 filename=coil_HF.dat 
coilmap coil_HF tolerance=0.00200 [fraction of Bz(r=0,z=0)]
BLCoil::determineNsheets 'coil_HF'  nSheets=14 err=0.000408
coilmap coil_HF nR=42 nZ=441 dR=4.0 dZ=4.0 error=0.000515
coilmap coil_HF  DONE 0 seconds
coilmap coil_HF wrote file 'coil_HF.dat'   148240 bytes
solenoid     sol_HF        coilName=coil_HF current=-549.7 color=1,1,1
                           alternate=0 kill=1 coil=coil_HF
coil    coil_M2 innerRadius=50.0 outerRadius=90.0 length=565.6 material=Cu 
		tolerance=0.002 nSheets=0 
		maxR=140.0 maxZ=955.1 dR=0.0 dZ=0.0 filename=coil_M2.dat 
coilmap coil_M2 tolerance=0.00200 [fraction of Bz(r=0,z=0)]
BLCoil::determineNsheets 'coil_M2'  nSheets=12 err=0.000382
coilmap coil_M2 nR=42 nZ=274 dR=3.5 dZ=3.5 error=0.000928
coilmap coil_M2  DONE 0 seconds
coilmap coil_M2 wrote file 'coil_M2.dat'   92128 bytes
solenoid     sol_M2        coilName=coil_M2 current=-164.3 color=1,1,1
                           alternate=0 kill=1 coil=coil_M2
coil    coil_M3 innerRadius=50.0 outerRadius=90.0 length=672.3 material=Cu 
		tolerance=0.002 nSheets=0 
		maxR=140.0 maxZ=1691.7 dR=0.0 dZ=0.0 filename=coil_M3.dat 
coilmap coil_M3 tolerance=0.00200 [fraction of Bz(r=0,z=0)]
BLCoil::determineNsheets 'coil_M3'  nSheets=12 err=0.000371
coilmap coil_M3 nR=22 nZ=243 dR=7.0 dZ=7.0 error=0.001821
coilmap coil_M3  DONE 0 seconds
coilmap coil_M3 wrote file 'coil_M3.dat'   42832 bytes
solenoid     sol_M3        coilName=coil_M3 current=32.35 color=1,1,1
                           alternate=0 kill=1 coil=coil_M3
coil    coil_drift innerRadius=50.0 outerRadius=90.0 length=2268.0 material=Cu 
		tolerance=0.002 nSheets=0 
		maxR=140.0 maxZ=1806.3 dR=0.0 dZ=0.0 filename=coil_drift.dat 
coilmap coil_drift tolerance=0.00200 [fraction of Bz(r=0,z=0)]
BLCoil::determineNsheets 'coil_drift'  nSheets=12 err=0.000371
coilmap coil_drift nR=22 nZ=260 dR=7.0 dZ=7.0 error=0.001448
coilmap coil_drift  DONE 0 seconds
coilmap coil_drift wrote file 'coil_drift.dat'   45824 bytes
solenoid     sol_drift     coilName=coil_drift current=-64.13 color=1,1,1
                           alternate=0 kill=1 coil=coil_drift
coil    coil_M1_next innerRadius=50.0 outerRadius=90.0 length=1109.1 material=Cu 
		tolerance=0.002 nSheets=0 
		maxR=140.0 maxZ=1226.9 dR=0.0 dZ=0.0 filename=coil_M1_next.dat 
coilmap coil_M1_next tolerance=0.00200 [fraction of Bz(r=0,z=0)]
BLCoil::determineNsheets 'coil_M1_next'  nSheets=12 err=0.000374
coilmap coil_M1_next nR=42 nZ=352 dR=3.5 dZ=3.5 error=0.000361
coilmap coil_M1_next  DONE 0 seconds
coilmap coil_M1_next wrote file 'coil_M1_next.dat'   118336 bytes
solenoid     sol_M1_next   coilName=coil_M1_next current=170.3 color=1,1,1
                           alternate=0 kill=1 coil=coil_M1_next
coil    coil_HF_next innerRadius=50.0 outerRadius=110.0 length=647.9 material=Cu 
		tolerance=0.002 nSheets=0 
		maxR=160.0 maxZ=1433.1 dR=0.0 dZ=0.0 filename=coil_HF_next.dat 
coilmap coil_HF_next tolerance=0.00200 [fraction of Bz(r=0,z=0)]
BLCoil::determineNsheets 'coil_HF_next'  nSheets=14 err=0.000405
coilmap coil_HF_next nR=22 nZ=181 dR=8.0 dZ=8.0 error=0.001763
coilmap coil_HF_next  DONE 1 seconds
coilmap coil_HF_next wrote file 'coil_HF_next.dat'   31920 bytes
solenoid     sol_HF_next   coilName=coil_HF_next current=680.5 color=1,1,1
                           alternate=0 kill=1 coil=coil_HF_next
coil    coil_M2_next innerRadius=50.0 outerRadius=90.0 length=796.2 material=Cu 
		tolerance=0.002 nSheets=0 
		maxR=140.0 maxZ=1070.4 dR=0.0 dZ=0.0 filename=coil_M2_next.dat 
coilmap coil_M2_next tolerance=0.00200 [fraction of Bz(r=0,z=0)]
BLCoil::determineNsheets 'coil_M2_next'  nSheets=12 err=0.000365
coilmap coil_M2_next nR=22 nZ=154 dR=7.0 dZ=7.0 error=0.001335
coilmap coil_M2_next  DONE 0 seconds
coilmap coil_M2_next wrote file 'coil_M2_next.dat'   27168 bytes
solenoid     sol_M2_next   coilName=coil_M2_next current=120.4 color=1,1,1
                           alternate=0 kill=1 coil=coil_M2_next
tubs         pipe1         innerRadius=20 outerRadius=21 initialPhi=0
                           finalPhi=360 length=565.6 maxStep=100 material=
                           color=1,1,1 kill=1 radius=21
tubs         pipe2         innerRadius=20 outerRadius=21 initialPhi=0
                           finalPhi=360 length=2429 maxStep=100 material=
                           color=1,1,1 kill=1 radius=21
pillbox      acc_rf        maxGradient=5.249 color=1.0,0.0,0.0
                           frequency=0.01122 innerLength=250 innerRadius=40
                           pipeThick=3 wallThick=1 irisRadius=20
                           collarRadialThick=5 collarThick=0 win1Thick=0
                           win1OuterRadius=10 win2Thick=0 winMat=Be
                           phaseAcc=46.56 skinDepth=0.002
                           timingTolerance=0.001 maxStep=100
                           cavityMaterial=Vacuum timeOffset=-4.7e+21
                           timeIncrement=0 fieldMapFile= kill=0
tubs         LH_absorber_next innerRadius=0 outerRadius=20 initialPhi=0
                           finalPhi=360 length=65.36 maxStep=100 material=LH2
                           color=1,1,1 kill=0 radius=20
place   sol_HF  copies=1 x=0.0 y=0.0 z=-402.1 
place   sol_M2  copies=1 x=0.0 y=0.0 z=282.8 
place   sol_drift copies=1 x=0.0 y=0.0 z=1699.6 
do i=1,9,1
(do i=1)
place   acc_rf  copies=1 x=0.0 y=0.0 z=691.6 
(do i=2)
place   acc_rf  copies=1 x=0.0 y=0.0 z=943.6 
(do i=3)
place   acc_rf  copies=1 x=0.0 y=0.0 z=1195.6 
(do i=4)
place   acc_rf  copies=1 x=0.0 y=0.0 z=1447.6 
(do i=5)
place   acc_rf  copies=1 x=0.0 y=0.0 z=1699.6 
(do i=6)
place   acc_rf  copies=1 x=0.0 y=0.0 z=1951.6 
(do i=7)
place   acc_rf  copies=1 x=0.0 y=0.0 z=2203.6 
(do i=8)
place   acc_rf  copies=1 x=0.0 y=0.0 z=2455.6 
(do i=9)
place   acc_rf  copies=1 x=0.0 y=0.0 z=2707.6 
enddo
place   sol_M3  copies=1 x=0.0 y=0.0 z=3169.7 
place   pipe1   copies=1 x=0.0 y=0.0 z=282.8 
place   pipe2   copies=1 x=0.0 y=0.0 z=4852.5 
place   sol_M1_next copies=1 x=0.0 y=0.0 z=4060.4 
place   sol_HF_next copies=1 x=0.0 y=0.0 z=4938.9 
place   LH_absorber_next copies=1 x=0.0 y=0.0 z=4938.9 
place   sol_M2_next copies=1 x=0.0 y=0.0 z=5661.0 
trace                      nTrace=1 format=Trace oneNTuple=0 primaryOnly=0
                           traceTune=1 filename=Ev%dTrk%d file=Ev%dTrk%d
                           require= coordinates=Centerline
reference                  particle=mu+ beamX=0 beamY=0 beamZ=0 beamT=127.8
                           rotation= referenceMomentum=33 beamXp=0 beamYp=0
                           meanMomentum=33 meanXp=0 meanYp=0 tuneZ=-3.7e+21
                           tuneMomentum=-3.7e+21 tolerance=0.001 noEfield=0
                           noBfield=0 noEloss=0 P=33
beam    ASCII   nEvents=10 firstEvent=1 lastEvent=10 beamZ=-3700000000000000000000.0 maxR=1000000.0 renumber=0 weight=1.000000 
		filename=beam_final_cooling_stage6.beam format=BLTrackFile 
		
zntuple                    z=0,565.5718676814503+2268+672.3005845134613+1109.1228445367806+647.879118345721
                           zloop= noSingles=0 format=for009
                           file=particles_info.txt filename=particles_info.txt
                           require=PDGid==-13 referenceParticle=1
                           coordinates=Centerline

World size (before incrementing by 201.357 mm): 220.0 H  220.0 W  12134.3 L

PARAMETERS:
            Zcl=6059.12
const_field_length=2268
     current_HF=-549.6871
     current_M1=-201.94143
     current_M2=-164.27346
     current_M3=32.35295853060474
  current_drift=-64.134109
     deltaChord=3.0
deltaIntersection=0.1
   deltaOneStep=0.01
         epsMax=0.05
         epsMin=2.5e-7
 eventTimeLimit=30
    fieldVoxels=200,200,200
          first=1
      histoFile=g4beamline
    histoUpdate=0
              i=9
           last=10
      length_HF=804.2607005255506
      length_M1=1355.5367111555145
      length_M2=565.5718676814503
      length_M3=672.3005845134613
        maxStep=100.0
        minStep=0.01
next_absorber_length=65.35518310301958
next_current_HF=680.5293370916256
next_current_M1=170.30821573488606
next_current_M2=120.42597019702312
 next_length_HF=647.879118345721
 next_length_M1=1109.1228445367806
 next_length_M2=796.2444868943642
     num_acc_rf=9
num_rotation_rf=3
    pipe_radius=20
         ref_pz=33
         rf_fre=0.011224681803629524
    rf_grad_acc=5.249252654627046
rf_grad_rotation=6.357118165360812
      rf_length=250
      rf_ph_acc=46.560555130437436
 rf_ph_rotation=0
 steppingFormat=N GLOBAL CL KE STEP VOL PROCESS
steppingVerbose=0
         viewer=best,1
 wallClockLimit=-1
     wall_thick=1
  worldMaterial=Vacuum
     zTolerance=2.0
Checking overlaps for volume sol_HF:0 (G4Tubs) ... OK! 
BLCMDsolenoid::Construct sol_HF parent= relZ=-402.1 globZ=-402.1
	global pos=0.0,0.0,-402.1  Checking overlaps for volume sol_M2:0 (G4Tubs) ... OK! 
BLCMDsolenoid::Construct sol_M2 parent= relZ=282.8 globZ=282.8
	global pos=0.0,0.0,282.8  Checking overlaps for volume sol_drift:0 (G4Tubs) ... OK! 
BLCMDsolenoid::Construct sol_drift parent= relZ=1699.6 globZ=1699.6
	global pos=0.0,0.0,1699.6  Checking overlaps for volume acc_rfPipe:0 (G4Tubs) ... OK! 
Checking overlaps for volume acc_rfUsWall:0 (G4Tubs) ... OK! 
Checking overlaps for volume acc_rfDsWall:0 (G4Tubs) ... OK! 
Checking overlaps for volume acc_rfDsHalf:0 (G4Tubs) ... OK! 
Checking overlaps for volume acc_rfTimingVol:0 (G4Tubs) ... OK! 
Checking overlaps for volume acc_rf:0 (G4Tubs) ... OK! 
BLCMDpillbox::construct acc_rf parent= relZ=691.6 globZ=691.6
	zmin=565.6 zmax=817.6
Checking overlaps for volume acc_rfPipe:0 (G4Tubs) ... OK! 
Checking overlaps for volume acc_rfUsWall:0 (G4Tubs) ... OK! 
Checking overlaps for volume acc_rfDsWall:0 (G4Tubs) ... OK! 
Checking overlaps for volume acc_rfDsHalf:0 (G4Tubs) ... OK! 
Checking overlaps for volume acc_rfTimingVol:0 (G4Tubs) ... OK! 
Checking overlaps for volume acc_rf:0 (G4Tubs) ... OK! 
BLCMDpillbox::construct acc_rf parent= relZ=943.6 globZ=943.6
	zmin=817.6 zmax=1069.6
Checking overlaps for volume acc_rfPipe:0 (G4Tubs) ... OK! 
Checking overlaps for volume acc_rfUsWall:0 (G4Tubs) ... OK! 
Checking overlaps for volume acc_rfDsWall:0 (G4Tubs) ... OK! 
Checking overlaps for volume acc_rfDsHalf:0 (G4Tubs) ... OK! 
Checking overlaps for volume acc_rfTimingVol:0 (G4Tubs) ... OK! 
Checking overlaps for volume acc_rf:0 (G4Tubs) ... OK! 
BLCMDpillbox::construct acc_rf parent= relZ=1195.6 globZ=1195.6
	zmin=1069.6 zmax=1321.6
Checking overlaps for volume acc_rfPipe:0 (G4Tubs) ... OK! 
Checking overlaps for volume acc_rfUsWall:0 (G4Tubs) ... OK! 
Checking overlaps for volume acc_rfDsWall:0 (G4Tubs) ... OK! 
Checking overlaps for volume acc_rfDsHalf:0 (G4Tubs) ... OK! 
Checking overlaps for volume acc_rfTimingVol:0 (G4Tubs) ... OK! 
Checking overlaps for volume acc_rf:0 (G4Tubs) ... OK! 
BLCMDpillbox::construct acc_rf parent= relZ=1447.6 globZ=1447.6
	zmin=1321.6 zmax=1573.6
Checking overlaps for volume acc_rfPipe:0 (G4Tubs) ... OK! 
Checking overlaps for volume acc_rfUsWall:0 (G4Tubs) ... OK! 
Checking overlaps for volume acc_rfDsWall:0 (G4Tubs) ... OK! 
Checking overlaps for volume acc_rfDsHalf:0 (G4Tubs) ... OK! 
Checking overlaps for volume acc_rfTimingVol:0 (G4Tubs) ... OK! 
Checking overlaps for volume acc_rf:0 (G4Tubs) ... OK! 
BLCMDpillbox::construct acc_rf parent= relZ=1699.6 globZ=1699.6
	zmin=1573.6 zmax=1825.6
Checking overlaps for volume acc_rfPipe:0 (G4Tubs) ... OK! 
Checking overlaps for volume acc_rfUsWall:0 (G4Tubs) ... OK! 
Checking overlaps for volume acc_rfDsWall:0 (G4Tubs) ... OK! 
Checking overlaps for volume acc_rfDsHalf:0 (G4Tubs) ... OK! 
Checking overlaps for volume acc_rfTimingVol:0 (G4Tubs) ... OK! 
Checking overlaps for volume acc_rf:0 (G4Tubs) ... OK! 
BLCMDpillbox::construct acc_rf parent= relZ=1951.6 globZ=1951.6
	zmin=1825.6 zmax=2077.6
Checking overlaps for volume acc_rfPipe:0 (G4Tubs) ... OK! 
Checking overlaps for volume acc_rfUsWall:0 (G4Tubs) ... OK! 
Checking overlaps for volume acc_rfDsWall:0 (G4Tubs) ... OK! 
Checking overlaps for volume acc_rfDsHalf:0 (G4Tubs) ... OK! 
Checking overlaps for volume acc_rfTimingVol:0 (G4Tubs) ... OK! 
Checking overlaps for volume acc_rf:0 (G4Tubs) ... OK! 
BLCMDpillbox::construct acc_rf parent= relZ=2203.6 globZ=2203.6
	zmin=2077.6 zmax=2329.6
Checking overlaps for volume acc_rfPipe:0 (G4Tubs) ... OK! 
Checking overlaps for volume acc_rfUsWall:0 (G4Tubs) ... OK! 
Checking overlaps for volume acc_rfDsWall:0 (G4Tubs) ... OK! 
Checking overlaps for volume acc_rfDsHalf:0 (G4Tubs) ... OK! 
Checking overlaps for volume acc_rfTimingVol:0 (G4Tubs) ... OK! 
Checking overlaps for volume acc_rf:0 (G4Tubs) ... OK! 
BLCMDpillbox::construct acc_rf parent= relZ=2455.6 globZ=2455.6
	zmin=2329.6 zmax=2581.6
Checking overlaps for volume acc_rfPipe:0 (G4Tubs) ... OK! 
Checking overlaps for volume acc_rfUsWall:0 (G4Tubs) ... OK! 
Checking overlaps for volume acc_rfDsWall:0 (G4Tubs) ... OK! 
Checking overlaps for volume acc_rfDsHalf:0 (G4Tubs) ... OK! 
Checking overlaps for volume acc_rfTimingVol:0 (G4Tubs) ... OK! 
Checking overlaps for volume acc_rf:0 (G4Tubs) ... OK! 
BLCMDpillbox::construct acc_rf parent= relZ=2707.6 globZ=2707.6
	zmin=2581.6 zmax=2833.6
Checking overlaps for volume sol_M3:0 (G4Tubs) ... OK! 
BLCMDsolenoid::Construct sol_M3 parent= relZ=3169.7 globZ=3169.7
	global pos=0.0,0.0,3169.7  Checking overlaps for volume pipe1:0 (G4Tubs) ... OK! 
BLCMDtubs::Construct pipe1 parent= relZ=282.8 globZ=282.8
	zmin=0.0 zmax=565.6 kill=1
Checking overlaps for volume pipe2:0 (G4Tubs) ... OK! 
BLCMDtubs::Construct pipe2 parent= relZ=4852.5 globZ=4852.5
	zmin=3637.8 zmax=6067.1 kill=1
Checking overlaps for volume sol_M1_next:0 (G4Tubs) ... OK! 
BLCMDsolenoid::Construct sol_M1_next parent= relZ=4060.4 globZ=4060.4
	global pos=0.0,0.0,4060.4  Checking overlaps for volume sol_HF_next:0 (G4Tubs) ... OK! 
BLCMDsolenoid::Construct sol_HF_next parent= relZ=4938.9 globZ=4938.9
	global pos=0.0,0.0,4938.9  Checking overlaps for volume LH_absorber_next:0 (G4Tubs) ... OK! 
BLCMDtubs::Construct LH_absorber_next parent= relZ=4938.9 globZ=4938.9
	zmin=4906.3 zmax=4971.6 kill=0
Checking overlaps for volume sol_M2_next:0 (G4Tubs) ... OK! 
BLCMDsolenoid::Construct sol_M2_next parent= relZ=5661.0 globZ=5661.0
	global pos=0.0,0.0,5661.0  ### Adding tracking cuts for neutron  TimeCut(ns)= 10000  KinEnergyCut(MeV)= 0

Geometry test nPoints=100 tolerance=0.002 mm:
Testing geometry for children of group 'World':
Total geometry errors = 0  0 seconds

================= Prepare Tune Particle(s) ===========
================= Begin Tune Particle(s) =============
**************************************************************************
*** G4Exception: EM Field Extends Outside World
***    severity: Warning
***   issued by: BLGlobalField
*** description: May give inaccurate tracking near world boundary.
***     EventID: -2     TrackID: 1   mu+  KE=5.034 MeV
**************************************************************************
fieldVoxels: nx=2 ny=2 nz=43, 172 voxels, 16 fields
fieldVoxels: max field count is 5 fields, # voxels >5: 0, >10: 0, >20: 0
**************************************************************************
*** G4Exception: Check number of field voxels
***    severity: Warning
***   issued by: BLGlobalField
*** description: nVoxels = 172, max fields/voxel = 5
***     EventID: -2     TrackID: 1   mu+  KE=5.034 MeV
**************************************************************************
pillbox acc_rf: Time OK  timeOffset=146.2252 ns, incremented to 146.2252 ns
pillbox acc_rf: Time OK  timeOffset=148.8323 ns, incremented to 148.8323 ns
pillbox acc_rf: Time OK  timeOffset=151.2684 ns, incremented to 151.2684 ns
pillbox acc_rf: Time OK  timeOffset=153.5665 ns, incremented to 153.5665 ns
pillbox acc_rf: Time OK  timeOffset=155.7503 ns, incremented to 155.7503 ns
pillbox acc_rf: Time OK  timeOffset=157.8377 ns, incremented to 157.8377 ns
pillbox acc_rf: Time OK  timeOffset=159.8424 ns, incremented to 159.8424 ns
pillbox acc_rf: Time OK  timeOffset=161.7751 ns, incremented to 161.7751 ns
pillbox acc_rf: Time OK  timeOffset=163.6446 ns, incremented to 163.6446 ns
Run complete  1 Events  0 seconds
================== Begin Reference Particle(s) ===============
Run complete  1 Events  0 seconds
================== Prepare Visualization ==================
Stochastic processes are enabled.
Available UI session types: [ Qt, Win32, csh ]
Visualization Manager instantiating with verbosity "warnings (3)"...
Visualization Manager initialising...
Registering graphics systems...

You have successfully registered the following graphics systems.
Registered graphics systems are:
  ASCIITree (ATree)
  DAWNFILE (DAWNFILE)
  G4HepRepFile (HepRepFile)
  RayTracer (RayTracer)
  VRML2FILE (VRML2FILE)
  gMocrenFile (gMocrenFile)
  OpenGLImmediateQt (OGLIQt, OGLI)
  OpenGLStoredQt (OGLSQt, OGL, OGLS)
  OpenGLImmediateWin32 (OGLIWin32, OGLIQt_FALLBACK)
  OpenGLStoredWin32 (OGLSWin32, OGLSQt_FALLBACK)

Registering model factories...

You have successfully registered the following model factories.
Registered model factories:
  generic
  drawByAttribute
  drawByCharge
  drawByOriginVolume
  drawByParticleID
  drawByEncounteredVolume

Registered models:
  None

Registered filter factories:
  attributeFilter
  chargeFilter
  originVolumeFilter
  particleFilter
  encounteredVolumeFilter

Registered filters:
  None

You have successfully registered the following user vis actions.
Run Duration User Vis Actions: none
End of Event User Vis Actions: none
End of Run User Vis Actions: none

Some /vis commands (optionally) take a string to specify colour.
"/vis/list" to see available colours.

Selected visualization viewer: Qt
BLVisManager init: /vis/open OGLSQt
BLVisManager init: /vis/viewer/set/auxiliaryEdge true
BLVisManager init: /vis/viewer/set/style surface
BLVisManager init: /vis/viewer/set/viewpointThetaPhi 0 0 deg
BLVisManager init: /vis/drawVolume
BLVisManager init: /tracking/storeTrajectory 1
BLVisManager init: /vis/scene/add/trajectories
/tracking/storeTrajectory 1
Attributes available for modeling and filtering with
  "/vis/modeling/trajectories/create/drawByAttribute" and
  "/vis/filtering/trajectories/create/attributeFilter" commands:
G4TrajectoriesModel:
  Event ID (EventID): G4int
  Run ID (RunID): G4int
G4Trajectory:
  Charge (Ch): unit: e+ (G4double)
  Track ID (ID): G4int
  Initial kinetic energy (IKE): G4BestUnit (G4double)
  Initial momentum magnitude (IMag): G4BestUnit (G4double)
  Initial momentum (IMom): G4BestUnit (G4ThreeVector)
  No. of points (NTP): G4int
  PDG Encoding (PDG): G4int
  Parent ID (PID): G4int
  Particle Name (PN): G4String
G4TrajectoryPoint:
  Position (Pos): G4BestUnit (G4ThreeVector)
WARNING: Trajectory storing has been requested.  This action may be
  reversed with "/tracking/storeTrajectory 0".
BLVisManager init: /vis/scene/endOfEventAction accumulate -1
WARNING: The vis manager will keep an unlimited number of events.
  This may use a lot of memory.
  It may be changed with, e.g., "/vis/scene/endOfEventAction accumulate 10".
BLVisManager init: /vis/viewer/set/hiddenMarker true

WARNING: No extent set for user vis action "DrawMarkers".
WARNING: User Vis Action "DrawMarkers" extent is null.
 Changing export format to "jpg"

Graphics systems deleted.
Visualization Manager deleting...

Exceptions: 0 Fatal, 0 Events Aborted, 0 Stuck Tracks (stopped), 2 Warnings
      1 times: Check number of field voxels
      1 times: EM Field Extends Outside World
g4beamline: simulation complete
