G4BL_DIR=E:\G4beamline-3.08
G4LEDATA=C:\Geant4Data/G4EMLOW8.0
G4ENSDFSTATEDATA=C:\Geant4Data/G4ENSDFSTATE2.3
G4PARTICLEXSDATA=C:\Geant4Data/G4PARTICLEXS4.0
G4LEVELGAMMADATA=C:\Geant4Data/PhotonEvaporation5.7
G4RADIOACTIVEDATA=C:\Geant4Data/RadioactiveDecay5.6
G4beamline Process ID 7872

*************************************************************
 g4beamline version: 3.08                        (Oct  8 2022)
                      Copyright : Tom Roberts, Muons, Inc.
                        License : Gnu Public License
                            WWW : http://g4beamline.muonsinc.com
**************************************************************
 Geant4 version Name: geant4-11-00-patch-03 [MT]   (16-September-2022)
                       Copyright : Geant4 Collaboration
                      References : NIM A 506 (2003), 250-303
                                 : IEEE-TNS 53 (2006), 270-278
                                 : NIM A 835 (2016), 186-225
                             WWW : http://geant4.org/
**************************************************************

param        viewer        best,1
geometry                   nPoints=100 printGeometry=0 visual=0
                           tolerance=0.002
G4PhysListFactory::GetReferencePhysList <QGSP_BERT>  EMoption= 0
<<< Geant4 Physics List simulation engine: QGSP_BERT


physics      QGSP_BERT     disable= inactivate= deactivate= doStochastics=1
                           fluct=1 minRangeCut=1 list=0 gammaToMuPair=0
                           spinTracking=0 synchrotronRadiation=0
                           synchrotronRadiationMuon=0 maxTime=1e+06
param        first         1
param        last          10
param        current_M1    -200.64671
param        length_M1     907.1426632462177
param        current_HF    -593.66492
param        length_HF     590.2903993544717
param        current_M2    -244.96868
param        length_M2     356.8284792527006
param        current_M3    36.56300157492383
param        length_M3     541.7523506076669
param        current_drift -47.006997
param        num_rotation_rf 3
param        num_acc_rf    5
param        wall_thick    1
param        rf_fre        0.053971710050141695
param        rf_grad_rotation 6.357118165360812
param        rf_grad_acc   7.404495717627837
param        rf_ph_rotation 0
param        rf_ph_acc     41.972392970434235
param        rf_length     250
param        const_field_length 1260
param        pipe_radius   20
param        next_current_HF 783.9289210519867
param        next_length_HF 185.599219272474
param        next_current_M1 174.71954485291093
param        next_length_M1 394.3164652141182
param        next_absorber_length 64.00145235210958
param        next_current_M2 102.21705244964674
param        next_length_M2 399.0004800070898
param        ref_pz        44
coil    coil_HF innerRadius=50.0 outerRadius=110.0 length=590.3 material=Cu 
		tolerance=0.002 nSheets=0 
		maxR=160.0 maxZ=1202.3 dR=0.0 dZ=0.0 filename=coil_HF.dat 
coilmap coil_HF tolerance=0.00200 [fraction of Bz(r=0,z=0)]
BLCoil::determineNsheets 'coil_HF'  nSheets=14 err=0.000415
coilmap coil_HF nR=42 nZ=302 dR=4.0 dZ=4.0 error=0.000545
coilmap coil_HF  DONE 1 seconds
coilmap coil_HF wrote file 'coil_HF.dat'   101536 bytes
solenoid     sol_HF        coilName=coil_HF current=-593.7 color=1,1,1
                           alternate=0 kill=1 coil=coil_HF
coil    coil_M2 innerRadius=50.0 outerRadius=90.0 length=356.8 material=Cu 
		tolerance=0.002 nSheets=0 
		maxR=140.0 maxZ=720.2 dR=0.0 dZ=0.0 filename=coil_M2.dat 
coilmap coil_M2 tolerance=0.00200 [fraction of Bz(r=0,z=0)]
BLCoil::determineNsheets 'coil_M2'  nSheets=12 err=0.000397
coilmap coil_M2 nR=42 nZ=207 dR=3.5 dZ=3.5 error=0.000598
coilmap coil_M2  DONE 0 seconds
coilmap coil_M2 wrote file 'coil_M2.dat'   69616 bytes
solenoid     sol_M2        coilName=coil_M2 current=-245 color=1,1,1
                           alternate=0 kill=1 coil=coil_M2
coil    coil_M3 innerRadius=50.0 outerRadius=90.0 length=541.8 material=Cu 
		tolerance=0.002 nSheets=0 
		maxR=140.0 maxZ=1178.0 dR=0.0 dZ=0.0 filename=coil_M3.dat 
coilmap coil_M3 tolerance=0.00200 [fraction of Bz(r=0,z=0)]
BLCoil::determineNsheets 'coil_M3'  nSheets=12 err=0.000380
coilmap coil_M3 nR=22 nZ=170 dR=7.0 dZ=7.0 error=0.001412
coilmap coil_M3  DONE 0 seconds
coilmap coil_M3 wrote file 'coil_M3.dat'   29984 bytes
solenoid     sol_M3        coilName=coil_M3 current=36.56 color=1,1,1
                           alternate=0 kill=1 coil=coil_M3
coil    coil_drift innerRadius=50.0 outerRadius=90.0 length=1260.0 material=Cu 
		tolerance=0.002 nSheets=0 
		maxR=140.0 maxZ=1171.8 dR=0.0 dZ=0.0 filename=coil_drift.dat 
coilmap coil_drift tolerance=0.00200 [fraction of Bz(r=0,z=0)]
BLCoil::determineNsheets 'coil_drift'  nSheets=12 err=0.000369
coilmap coil_drift nR=22 nZ=169 dR=7.0 dZ=7.0 error=0.001895
coilmap coil_drift  DONE 0 seconds
coilmap coil_drift wrote file 'coil_drift.dat'   29808 bytes
solenoid     sol_drift     coilName=coil_drift current=-47.01 color=1,1,1
                           alternate=0 kill=1 coil=coil_drift
coil    coil_M1_next innerRadius=50.0 outerRadius=90.0 length=394.3 material=Cu 
		tolerance=0.002 nSheets=0 
		maxR=140.0 maxZ=738.9 dR=0.0 dZ=0.0 filename=coil_M1_next.dat 
coilmap coil_M1_next tolerance=0.00200 [fraction of Bz(r=0,z=0)]
BLCoil::determineNsheets 'coil_M1_next'  nSheets=12 err=0.000392
coilmap coil_M1_next nR=42 nZ=213 dR=3.5 dZ=3.5 error=0.000511
coilmap coil_M1_next  DONE 0 seconds
coilmap coil_M1_next wrote file 'coil_M1_next.dat'   71632 bytes
solenoid     sol_M1_next   coilName=coil_M1_next current=174.7 color=1,1,1
                           alternate=0 kill=1 coil=coil_M1_next
coil    coil_HF_next innerRadius=50.0 outerRadius=110.0 length=185.6 material=Cu 
		tolerance=0.002 nSheets=0 
		maxR=160.0 maxZ=487.1 dR=0.0 dZ=0.0 filename=coil_HF_next.dat 
coilmap coil_HF_next tolerance=0.00200 [fraction of Bz(r=0,z=0)]
BLCoil::determineNsheets 'coil_HF_next'  nSheets=16 err=0.000378
coilmap coil_HF_next nR=42 nZ=123 dR=4.0 dZ=4.0 error=0.000849
coilmap coil_HF_next  DONE 0 seconds
coilmap coil_HF_next wrote file 'coil_HF_next.dat'   41392 bytes
solenoid     sol_HF_next   coilName=coil_HF_next current=783.9 color=1,1,1
                           alternate=0 kill=1 coil=coil_HF_next
coil    coil_M2_next innerRadius=50.0 outerRadius=90.0 length=399.0 material=Cu 
		tolerance=0.002 nSheets=0 
		maxR=140.0 maxZ=741.3 dR=0.0 dZ=0.0 filename=coil_M2_next.dat 
coilmap coil_M2_next tolerance=0.00200 [fraction of Bz(r=0,z=0)]
BLCoil::determineNsheets 'coil_M2_next'  nSheets=12 err=0.000389
coilmap coil_M2_next nR=42 nZ=213 dR=3.5 dZ=3.5 error=0.000769
coilmap coil_M2_next  DONE 1 seconds
coilmap coil_M2_next wrote file 'coil_M2_next.dat'   71632 bytes
solenoid     sol_M2_next   coilName=coil_M2_next current=102.2 color=1,1,1
                           alternate=0 kill=1 coil=coil_M2_next
tubs         pipe1         innerRadius=20 outerRadius=21 initialPhi=0
                           finalPhi=360 length=356.8 maxStep=100 material=
                           color=1,1,1 kill=1 radius=21
tubs         pipe2         innerRadius=20 outerRadius=21 initialPhi=0
                           finalPhi=360 length=1122 maxStep=100 material=
                           color=1,1,1 kill=1 radius=21
pillbox      acc_rf        maxGradient=7.404 color=1.0,0.0,0.0
                           frequency=0.05397 innerLength=250 innerRadius=40
                           pipeThick=3 wallThick=1 irisRadius=20
                           collarRadialThick=5 collarThick=0 win1Thick=0
                           win1OuterRadius=10 win2Thick=0 winMat=Be
                           phaseAcc=41.97 skinDepth=0.002
                           timingTolerance=0.001 maxStep=100
                           cavityMaterial=Vacuum timeOffset=-4.7e+21
                           timeIncrement=0 fieldMapFile= kill=0
tubs         LH_absorber_next innerRadius=0 outerRadius=20 initialPhi=0
                           finalPhi=360 length=64 maxStep=100 material=LH2
                           color=1,1,1 kill=0 radius=20
place   sol_HF  copies=1 x=0.0 y=0.0 z=-295.1 
place   sol_M2  copies=1 x=0.0 y=0.0 z=178.4 
place   sol_drift copies=1 x=0.0 y=0.0 z=986.8 
do i=1,5,1
(do i=1)
place   acc_rf  copies=1 x=0.0 y=0.0 z=482.8 
(do i=2)
place   acc_rf  copies=1 x=0.0 y=0.0 z=734.8 
(do i=3)
place   acc_rf  copies=1 x=0.0 y=0.0 z=986.8 
(do i=4)
place   acc_rf  copies=1 x=0.0 y=0.0 z=1238.8 
(do i=5)
place   acc_rf  copies=1 x=0.0 y=0.0 z=1490.8 
enddo
place   sol_M3  copies=1 x=0.0 y=0.0 z=1887.7 
place   pipe1   copies=1 x=0.0 y=0.0 z=178.4 
place   pipe2   copies=1 x=0.0 y=0.0 z=2768.0 
place   sol_M1_next copies=1 x=0.0 y=0.0 z=2355.7 
place   sol_HF_next copies=1 x=0.0 y=0.0 z=2645.7 
place   LH_absorber_next copies=1 x=0.0 y=0.0 z=2645.7 
place   sol_M2_next copies=1 x=0.0 y=0.0 z=2938.0 
trace                      nTrace=1 format=Trace oneNTuple=0 primaryOnly=0
                           traceTune=1 filename=Ev%dTrk%d file=Ev%dTrk%d
                           require= coordinates=Centerline
reference                  particle=mu+ beamX=0 beamY=0 beamZ=0 beamT=62.88
                           rotation= referenceMomentum=44 beamXp=0 beamYp=0
                           meanMomentum=44 meanXp=0 meanYp=0 tuneZ=-3.7e+21
                           tuneMomentum=-3.7e+21 tolerance=0.001 noEfield=0
                           noBfield=0 noEloss=0 P=44
beam    ASCII   nEvents=10 firstEvent=1 lastEvent=10 beamZ=-3700000000000000000000.0 maxR=1000000.0 renumber=0 weight=1.000000 
		filename=beam_final_cooling_stage4.beam format=BLTrackFile 
		
zntuple                    z=0,356.8284792527006+1260+541.7523506076669+394.3164652141182+185.599219272474
                           zloop= noSingles=0 format=for009
                           file=particles_info.txt filename=particles_info.txt
                           require=PDGid==-13 referenceParticle=1
                           coordinates=Centerline

World size (before incrementing by 201.357 mm): 220.0 H  220.0 W  6657.6 L

PARAMETERS:
            Zcl=3137.5
const_field_length=1260
     current_HF=-593.66492
     current_M1=-200.64671
     current_M2=-244.96868
     current_M3=36.56300157492383
  current_drift=-47.006997
     deltaChord=3.0
deltaIntersection=0.1
   deltaOneStep=0.01
         epsMax=0.05
         epsMin=2.5e-7
 eventTimeLimit=30
    fieldVoxels=200,200,200
          first=1
      histoFile=g4beamline
    histoUpdate=0
              i=5
           last=10
      length_HF=590.2903993544717
      length_M1=907.1426632462177
      length_M2=356.8284792527006
      length_M3=541.7523506076669
        maxStep=100.0
        minStep=0.01
next_absorber_length=64.00145235210958
next_current_HF=783.9289210519867
next_current_M1=174.71954485291093
next_current_M2=102.21705244964674
 next_length_HF=185.599219272474
 next_length_M1=394.3164652141182
 next_length_M2=399.0004800070898
     num_acc_rf=5
num_rotation_rf=3
    pipe_radius=20
         ref_pz=44
         rf_fre=0.053971710050141695
    rf_grad_acc=7.404495717627837
rf_grad_rotation=6.357118165360812
      rf_length=250
      rf_ph_acc=41.972392970434235
 rf_ph_rotation=0
 steppingFormat=N GLOBAL CL KE STEP VOL PROCESS
steppingVerbose=0
         viewer=best,1
 wallClockLimit=-1
     wall_thick=1
  worldMaterial=Vacuum
     zTolerance=2.0
Checking overlaps for volume sol_HF:0 (G4Tubs) ... OK! 
BLCMDsolenoid::Construct sol_HF parent= relZ=-295.1 globZ=-295.1
	global pos=0.0,0.0,-295.1  Checking overlaps for volume sol_M2:0 (G4Tubs) ... OK! 
BLCMDsolenoid::Construct sol_M2 parent= relZ=178.4 globZ=178.4
	global pos=0.0,0.0,178.4  Checking overlaps for volume sol_drift:0 (G4Tubs) ... OK! 
BLCMDsolenoid::Construct sol_drift parent= relZ=986.8 globZ=986.8
	global pos=0.0,0.0,986.8  Checking overlaps for volume acc_rfPipe:0 (G4Tubs) ... OK! 
Checking overlaps for volume acc_rfUsWall:0 (G4Tubs) ... OK! 
Checking overlaps for volume acc_rfDsWall:0 (G4Tubs) ... OK! 
Checking overlaps for volume acc_rfDsHalf:0 (G4Tubs) ... OK! 
Checking overlaps for volume acc_rfTimingVol:0 (G4Tubs) ... OK! 
Checking overlaps for volume acc_rf:0 (G4Tubs) ... OK! 
BLCMDpillbox::construct acc_rf parent= relZ=482.8 globZ=482.8
	zmin=356.8 zmax=608.8
Checking overlaps for volume acc_rfPipe:0 (G4Tubs) ... OK! 
Checking overlaps for volume acc_rfUsWall:0 (G4Tubs) ... OK! 
Checking overlaps for volume acc_rfDsWall:0 (G4Tubs) ... OK! 
Checking overlaps for volume acc_rfDsHalf:0 (G4Tubs) ... OK! 
Checking overlaps for volume acc_rfTimingVol:0 (G4Tubs) ... OK! 
Checking overlaps for volume acc_rf:0 (G4Tubs) ... OK! 
BLCMDpillbox::construct acc_rf parent= relZ=734.8 globZ=734.8
	zmin=608.8 zmax=860.8
Checking overlaps for volume acc_rfPipe:0 (G4Tubs) ... OK! 
Checking overlaps for volume acc_rfUsWall:0 (G4Tubs) ... OK! 
Checking overlaps for volume acc_rfDsWall:0 (G4Tubs) ... OK! 
Checking overlaps for volume acc_rfDsHalf:0 (G4Tubs) ... OK! 
Checking overlaps for volume acc_rfTimingVol:0 (G4Tubs) ... OK! 
Checking overlaps for volume acc_rf:0 (G4Tubs) ... OK! 
BLCMDpillbox::construct acc_rf parent= relZ=986.8 globZ=986.8
	zmin=860.8 zmax=1112.8
Checking overlaps for volume acc_rfPipe:0 (G4Tubs) ... OK! 
Checking overlaps for volume acc_rfUsWall:0 (G4Tubs) ... OK! 
Checking overlaps for volume acc_rfDsWall:0 (G4Tubs) ... OK! 
Checking overlaps for volume acc_rfDsHalf:0 (G4Tubs) ... OK! 
Checking overlaps for volume acc_rfTimingVol:0 (G4Tubs) ... OK! 
Checking overlaps for volume acc_rf:0 (G4Tubs) ... OK! 
BLCMDpillbox::construct acc_rf parent= relZ=1238.8 globZ=1238.8
	zmin=1112.8 zmax=1364.8
Checking overlaps for volume acc_rfPipe:0 (G4Tubs) ... OK! 
Checking overlaps for volume acc_rfUsWall:0 (G4Tubs) ... OK! 
Checking overlaps for volume acc_rfDsWall:0 (G4Tubs) ... OK! 
Checking overlaps for volume acc_rfDsHalf:0 (G4Tubs) ... OK! 
Checking overlaps for volume acc_rfTimingVol:0 (G4Tubs) ... OK! 
Checking overlaps for volume acc_rf:0 (G4Tubs) ... OK! 
BLCMDpillbox::construct acc_rf parent= relZ=1490.8 globZ=1490.8
	zmin=1364.8 zmax=1616.8
Checking overlaps for volume sol_M3:0 (G4Tubs) ... OK! 
BLCMDsolenoid::Construct sol_M3 parent= relZ=1887.7 globZ=1887.7
	global pos=0.0,0.0,1887.7  Checking overlaps for volume pipe1:0 (G4Tubs) ... OK! 
BLCMDtubs::Construct pipe1 parent= relZ=178.4 globZ=178.4
	zmin=0.0 zmax=356.8 kill=1
Checking overlaps for volume pipe2:0 (G4Tubs) ... OK! 
BLCMDtubs::Construct pipe2 parent= relZ=2768.0 globZ=2768.0
	zmin=2207.1 zmax=3328.8 kill=1
Checking overlaps for volume sol_M1_next:0 (G4Tubs) ... OK! 
BLCMDsolenoid::Construct sol_M1_next parent= relZ=2355.7 globZ=2355.7
	global pos=0.0,0.0,2355.7  Checking overlaps for volume sol_HF_next:0 (G4Tubs) ... OK! 
BLCMDsolenoid::Construct sol_HF_next parent= relZ=2645.7 globZ=2645.7
	global pos=0.0,0.0,2645.7  Checking overlaps for volume LH_absorber_next:0 (G4Tubs) ... OK! 
BLCMDtubs::Construct LH_absorber_next parent= relZ=2645.7 globZ=2645.7
	zmin=2613.7 zmax=2677.7 kill=0
Checking overlaps for volume sol_M2_next:0 (G4Tubs) ... OK! 
BLCMDsolenoid::Construct sol_M2_next parent= relZ=2938.0 globZ=2938.0
	global pos=0.0,0.0,2938.0  ### Adding tracking cuts for neutron  TimeCut(ns)= 10000  KinEnergyCut(MeV)= 0

Geometry test nPoints=100 tolerance=0.002 mm:
Testing geometry for children of group 'World':
Total geometry errors = 0  0 seconds

================= Prepare Tune Particle(s) ===========
================= Begin Tune Particle(s) =============
**************************************************************************
*** G4Exception: EM Field Extends Outside World
***    severity: Warning
***   issued by: BLGlobalField
*** description: May give inaccurate tracking near world boundary.
***     EventID: -2     TrackID: 1   mu+  KE=8.796 MeV
**************************************************************************
fieldVoxels: nx=2 ny=2 nz=26, 104 voxels, 12 fields
fieldVoxels: max field count is 6 fields, # voxels >5: 4, >10: 0, >20: 0
**************************************************************************
*** G4Exception: Check number of field voxels
***    severity: Warning
***   issued by: BLGlobalField
*** description: nVoxels = 104, max fields/voxel = 6
***     EventID: -2     TrackID: 1   mu+  KE=8.796 MeV
**************************************************************************
pillbox acc_rf: Time OK  timeOffset=69.5279 ns, incremented to 69.5279 ns
pillbox acc_rf: Time OK  timeOffset=71.6021 ns, incremented to 71.6021 ns
pillbox acc_rf: Time OK  timeOffset=73.5747 ns, incremented to 73.5747 ns
pillbox acc_rf: Time OK  timeOffset=75.4619 ns, incremented to 75.4619 ns
pillbox acc_rf: Time OK  timeOffset=77.2758 ns, incremented to 77.2758 ns
Run complete  1 Events  0 seconds
================== Begin Reference Particle(s) ===============
Run complete  1 Events  0 seconds
================== Prepare Visualization ==================
Stochastic processes are enabled.
Available UI session types: [ Qt, Win32, csh ]
Visualization Manager instantiating with verbosity "warnings (3)"...
Visualization Manager initialising...
Registering graphics systems...

You have successfully registered the following graphics systems.
Registered graphics systems are:
  ASCIITree (ATree)
  DAWNFILE (DAWNFILE)
  G4HepRepFile (HepRepFile)
  RayTracer (RayTracer)
  VRML2FILE (VRML2FILE)
  gMocrenFile (gMocrenFile)
  OpenGLImmediateQt (OGLIQt, OGLI)
  OpenGLStoredQt (OGLSQt, OGL, OGLS)
  OpenGLImmediateWin32 (OGLIWin32, OGLIQt_FALLBACK)
  OpenGLStoredWin32 (OGLSWin32, OGLSQt_FALLBACK)

Registering model factories...

You have successfully registered the following model factories.
Registered model factories:
  generic
  drawByAttribute
  drawByCharge
  drawByOriginVolume
  drawByParticleID
  drawByEncounteredVolume

Registered models:
  None

Registered filter factories:
  attributeFilter
  chargeFilter
  originVolumeFilter
  particleFilter
  encounteredVolumeFilter

Registered filters:
  None

You have successfully registered the following user vis actions.
Run Duration User Vis Actions: none
End of Event User Vis Actions: none
End of Run User Vis Actions: none

Some /vis commands (optionally) take a string to specify colour.
"/vis/list" to see available colours.

Selected visualization viewer: Qt
BLVisManager init: /vis/open OGLSQt
BLVisManager init: /vis/viewer/set/auxiliaryEdge true
BLVisManager init: /vis/viewer/set/style surface
BLVisManager init: /vis/viewer/set/viewpointThetaPhi 0 0 deg
BLVisManager init: /vis/drawVolume
BLVisManager init: /tracking/storeTrajectory 1
BLVisManager init: /vis/scene/add/trajectories
/tracking/storeTrajectory 1
Attributes available for modeling and filtering with
  "/vis/modeling/trajectories/create/drawByAttribute" and
  "/vis/filtering/trajectories/create/attributeFilter" commands:
G4TrajectoriesModel:
  Event ID (EventID): G4int
  Run ID (RunID): G4int
G4Trajectory:
  Charge (Ch): unit: e+ (G4double)
  Track ID (ID): G4int
  Initial kinetic energy (IKE): G4BestUnit (G4double)
  Initial momentum magnitude (IMag): G4BestUnit (G4double)
  Initial momentum (IMom): G4BestUnit (G4ThreeVector)
  No. of points (NTP): G4int
  PDG Encoding (PDG): G4int
  Parent ID (PID): G4int
  Particle Name (PN): G4String
G4TrajectoryPoint:
  Position (Pos): G4BestUnit (G4ThreeVector)
WARNING: Trajectory storing has been requested.  This action may be
  reversed with "/tracking/storeTrajectory 0".
BLVisManager init: /vis/scene/endOfEventAction accumulate -1
WARNING: The vis manager will keep an unlimited number of events.
  This may use a lot of memory.
  It may be changed with, e.g., "/vis/scene/endOfEventAction accumulate 10".
BLVisManager init: /vis/viewer/set/hiddenMarker true

WARNING: No extent set for user vis action "DrawMarkers".
WARNING: User Vis Action "DrawMarkers" extent is null.
 Changing export format to "jpg"

Graphics systems deleted.
Visualization Manager deleting...

Exceptions: 0 Fatal, 0 Events Aborted, 0 Stuck Tracks (stopped), 2 Warnings
      1 times: Check number of field voxels
      1 times: EM Field Extends Outside World
g4beamline: simulation complete
